<?xml version="1.0" encoding="UTF-8"?>
<!-- Generated by org.testng.reporters.JUnitReportReporter -->
<testsuite skipped="0" hostname="DESKTOP-TDJ6NPK" name="com.makemytrip.testscripts.Section_1" tests="1" failures="0" timestamp="2022-02-12T23:20:26 IST" time="1.616" errors="0">
  <testcase name="loginTest" time="1.616" classname="com.makemytrip.testscripts.Section_1"/>
  <system-out/>
</testsuite> <!-- com.makemytrip.testscripts.Section_1 -->
