<?xml version="1.0" encoding="UTF-8"?>
<!-- Generated by org.testng.reporters.JUnitReportReporter -->
<testsuite skipped="0" hostname="DESKTOP-TDJ6NPK" name="com.makemytrip.testscripts.Section_1_Test" tests="1" failures="0" timestamp="2022-02-15T23:50:06 IST" time="70.151" errors="0">
  <testcase name="loginTest" time="70.151" classname="com.makemytrip.testscripts.Section_1_Test"/>
  <system-out/>
</testsuite> <!-- com.makemytrip.testscripts.Section_1_Test -->
