<?xml version="1.0" encoding="UTF-8"?>
<!-- Generated by org.testng.reporters.JUnitReportReporter -->
<testsuite skipped="0" hostname="DESKTOP-TDJ6NPK" name="com.makemytrip.testscripts.Section_2_Test" tests="1" failures="0" timestamp="2022-02-15T22:15:36 IST" time="97.736" errors="0">
  <testcase name="flightSearchTest" time="97.736" classname="com.makemytrip.testscripts.Section_2_Test"/>
  <system-out/>
</testsuite> <!-- com.makemytrip.testscripts.Section_2_Test -->
